<?xml version="1.0" encoding="UTF-8"?>
<!-- Generated by org.testng.reporters.JUnitReportReporter -->
<testsuite hostname="L-SNV36PRG8W-M.local" name="hematestcases.DatabaseTesting" tests="1" failures="0" timestamp="24 Sep 2015 18:43:36 GMT" time="0.007" errors="0">
  <testcase name="test" time="0.007" classname="hematestcases.DatabaseTesting"/>
</testsuite> <!-- hematestcases.DatabaseTesting -->
