<?xml version="1.0" encoding="UTF-8"?>
<!-- Generated by org.testng.reporters.JUnitReportReporter -->
<testsuite hostname="L-SNV36PRG8W-M.local" name="hematestcases.PageFactoryTest" tests="1" failures="0" timestamp="23 Sep 2015 18:43:43 GMT" time="9.881" errors="0">
  <testcase name="test" time="9.881" classname="hematestcases.PageFactoryTest"/>
</testsuite> <!-- hematestcases.PageFactoryTest -->
