<?xml version="1.0" encoding="UTF-8"?>
<!-- Generated by org.testng.reporters.JUnitReportReporter -->
<testsuite hostname="L-SNV36PRG8W-M.local" name="hematestcases.PageObjectModel" tests="1" failures="0" timestamp="23 Sep 2015 18:17:56 GMT" time="10.509" errors="0">
  <testcase name="test" time="10.509" classname="hematestcases.PageObjectModel"/>
</testsuite> <!-- hematestcases.PageObjectModel -->
